Построение начато 16.03.2019 13:13:26.
     1>Проект "C:\Users\LENOVO\documents\visual studio 2010\Projects\MyTracert\MyTracert\MyTracert.vcxproj" в узле 2 (целевые объекты build).
     1>InitializeBuildStatus:
         Создание "Debug\MyTracert.unsuccessfulbuild", так как было задано "AlwaysCreate".
       ClCompile:
         D:\VisualStudio\VC\bin\CL.exe /c /ZI /nologo /W3 /WX- /Od /Oy- /D _MBCS /Gm /EHsc /RTC1 /MDd /GS /fp:precise /Zc:wchar_t /Zc:forScope /Fo"Debug\\" /Fd"Debug\vc100.pdb" /Gd /TP /analyze- /errorReport:prompt Tracert.cpp
         Tracert.cpp
     1>c:\users\lenovo\documents\visual studio 2010\projects\mytracert\mytracert\tracert.cpp(89): warning C4715: GetAddress: значение возвращается не при всех путях выполнения
       Link:
         D:\VisualStudio\VC\bin\link.exe /ERRORREPORT:PROMPT /OUT:"C:\Users\LENOVO\documents\visual studio 2010\Projects\MyTracert\Debug\MyTracert.exe" /NOLOGO kernel32.lib user32.lib gdi32.lib winspool.lib comdlg32.lib advapi32.lib shell32.lib ole32.lib oleaut32.lib uuid.lib odbc32.lib odbccp32.lib /MANIFEST /ManifestFile:"Debug\MyTracert.exe.intermediate.manifest" /MANIFESTUAC:"level='asInvoker' uiAccess='false'" /DEBUG /PDB:"C:\Users\LENOVO\documents\visual studio 2010\Projects\MyTracert\Debug\MyTracert.pdb" /TLBID:1 /DYNAMICBASE /NXCOMPAT /IMPLIB:"C:\Users\LENOVO\documents\visual studio 2010\Projects\MyTracert\Debug\MyTracert.lib" /MACHINE:X86 Debug\Tracert.obj
         LINK : не найден или не выполнена сборка C:\Users\LENOVO\documents\visual studio 2010\Projects\MyTracert\Debug\MyTracert.exe при последней инкрементной компоновке; выполняется полная компоновка
         MyTracert.vcxproj -> C:\Users\LENOVO\documents\visual studio 2010\Projects\MyTracert\Debug\MyTracert.exe
       Manifest:
         C:\Program Files (x86)\Microsoft SDKs\Windows\v7.0A\bin\mt.exe /nologo /verbose /outputresource:"C:\Users\LENOVO\documents\visual studio 2010\Projects\MyTracert\Debug\MyTracert.exe;#1" /manifest Debug\MyTracert.exe.intermediate.manifest
       FinalizeBuildStatus:
         Файл "Debug\MyTracert.unsuccessfulbuild" удаляется.
         Обращение к "Debug\MyTracert.lastbuildstate".
     1>Построение проекта "C:\Users\LENOVO\documents\visual studio 2010\Projects\MyTracert\MyTracert\MyTracert.vcxproj" завершено (целевые объекты build).

Построение успешно завершено.

Затраченное время: 00:00:00.89
